-------------------------------------------------------------------------------
Test set: es.ies.puerto.Ejercicio4Test
-------------------------------------------------------------------------------
Tests run: 8, Failures: 2, Errors: 3, Skipped: 0, Time elapsed: 0.071 s <<< FAILURE! -- in es.ies.puerto.Ejercicio4Test
es.ies.puerto.Ejercicio4Test.testAniosFuturosPositivos -- Time elapsed: 0.002 s <<< ERROR!
java.time.DateTimeException: Invalid date 'February 29' as '2025' is not a leap year
	at java.base/java.time.LocalDate.create(LocalDate.java:459)
	at java.base/java.time.LocalDate.of(LocalDate.java:273)
	at es.ies.puerto.Ejercicio4.obtenerDiasBisiestos(Ejercicio4.java:19)
	at es.ies.puerto.Ejercicio4Test.testAniosFuturosPositivos(Ejercicio4Test.java:12)
	at java.base/java.lang.reflect.Method.invoke(Method.java:568)
	at java.base/java.util.ArrayList.forEach(ArrayList.java:1511)
	at java.base/java.util.ArrayList.forEach(ArrayList.java:1511)

es.ies.puerto.Ejercicio4Test.testAnioNegativo -- Time elapsed: 0.015 s <<< FAILURE!
org.opentest4j.AssertionFailedError: Expected java.lang.IllegalArgumentException to be thrown, but nothing was thrown.
	at org.junit.jupiter.api.AssertionFailureBuilder.build(AssertionFailureBuilder.java:152)
	at org.junit.jupiter.api.AssertThrows.assertThrows(AssertThrows.java:73)
	at org.junit.jupiter.api.AssertThrows.assertThrows(AssertThrows.java:35)
	at org.junit.jupiter.api.Assertions.assertThrows(Assertions.java:3111)
	at es.ies.puerto.Ejercicio4Test.testAnioNegativo(Ejercicio4Test.java:44)
	at java.base/java.lang.reflect.Method.invoke(Method.java:568)
	at java.base/java.util.ArrayList.forEach(ArrayList.java:1511)
	at java.base/java.util.ArrayList.forEach(ArrayList.java:1511)

es.ies.puerto.Ejercicio4Test.testCincoAniosFuturos -- Time elapsed: 0.002 s <<< ERROR!
java.time.DateTimeException: Invalid date 'February 29' as '2025' is not a leap year
	at java.base/java.time.LocalDate.create(LocalDate.java:459)
	at java.base/java.time.LocalDate.of(LocalDate.java:273)
	at es.ies.puerto.Ejercicio4.obtenerDiasBisiestos(Ejercicio4.java:19)
	at es.ies.puerto.Ejercicio4Test.testCincoAniosFuturos(Ejercicio4Test.java:26)
	at java.base/java.lang.reflect.Method.invoke(Method.java:568)
	at java.base/java.util.ArrayList.forEach(ArrayList.java:1511)
	at java.base/java.util.ArrayList.forEach(ArrayList.java:1511)

es.ies.puerto.Ejercicio4Test.testAnioCero -- Time elapsed: 0.012 s <<< FAILURE!
org.opentest4j.AssertionFailedError: Expected java.lang.IllegalArgumentException to be thrown, but nothing was thrown.
	at org.junit.jupiter.api.AssertionFailureBuilder.build(AssertionFailureBuilder.java:152)
	at org.junit.jupiter.api.AssertThrows.assertThrows(AssertThrows.java:73)
	at org.junit.jupiter.api.AssertThrows.assertThrows(AssertThrows.java:35)
	at org.junit.jupiter.api.Assertions.assertThrows(Assertions.java:3111)
	at es.ies.puerto.Ejercicio4Test.testAnioCero(Ejercicio4Test.java:52)
	at java.base/java.lang.reflect.Method.invoke(Method.java:568)
	at java.base/java.util.ArrayList.forEach(ArrayList.java:1511)
	at java.base/java.util.ArrayList.forEach(ArrayList.java:1511)

es.ies.puerto.Ejercicio4Test.testSoloProximosAniosBisiestos -- Time elapsed: 0.003 s <<< ERROR!
java.time.DateTimeException: Invalid date 'February 29' as '2025' is not a leap year
	at java.base/java.time.LocalDate.create(LocalDate.java:459)
	at java.base/java.time.LocalDate.of(LocalDate.java:273)
	at es.ies.puerto.Ejercicio4.obtenerDiasBisiestos(Ejercicio4.java:19)
	at es.ies.puerto.Ejercicio4Test.testSoloProximosAniosBisiestos(Ejercicio4Test.java:60)
	at java.base/java.lang.reflect.Method.invoke(Method.java:568)
	at java.base/java.util.ArrayList.forEach(ArrayList.java:1511)
	at java.base/java.util.ArrayList.forEach(ArrayList.java:1511)

