<?xml version="1.0" encoding="UTF-8"?>
<testsuite xmlns:xsi="http://www.w3.org/2001/XMLSchema-instance" xsi:noNamespaceSchemaLocation="https://maven.apache.org/surefire/maven-surefire-plugin/xsd/surefire-test-report-3.0.xsd" version="3.0" name="es.ies.puerto.Ejercicio4Test" time="0.071" tests="8" errors="3" skipped="0" failures="2">
  <properties>
[...]
</properties>
  <testcase name="testUnAnioFuturo" classname="es.ies.puerto.Ejercicio4Test" time="0.01"/>
  <testcase name="testAnioActualBisiesto" classname="es.ies.puerto.Ejercicio4Test" time="0.001"/>
  <testcase name="testAniosFuturosPositivos" classname="es.ies.puerto.Ejercicio4Test" time="0.002">
    <error message="Invalid date &apos;February 29&apos; as &apos;2025&apos; is not a leap year" type="java.time.DateTimeException"><![CDATA[java.time.DateTimeException: Invalid date 'February 29' as '2025' is not a leap year
	at java.base/java.time.LocalDate.create(LocalDate.java:459)
	at java.base/java.time.LocalDate.of(LocalDate.java:273)
	at es.ies.puerto.Ejercicio4.obtenerDiasBisiestos(Ejercicio4.java:19)
	at es.ies.puerto.Ejercicio4Test.testAniosFuturosPositivos(Ejercicio4Test.java:12)
	at java.base/java.lang.reflect.Method.invoke(Method.java:568)
	at java.base/java.util.ArrayList.forEach(ArrayList.java:1511)
	at java.base/java.util.ArrayList.forEach(ArrayList.java:1511)
]]></error>
  </testcase>
  <testcase name="testAnioNegativo" classname="es.ies.puerto.Ejercicio4Test" time="0.015">
    <failure message="Expected java.lang.IllegalArgumentException to be thrown, but nothing was thrown." type="org.opentest4j.AssertionFailedError"><![CDATA[org.opentest4j.AssertionFailedError: Expected java.lang.IllegalArgumentException to be thrown, but nothing was thrown.
	at org.junit.jupiter.api.AssertionFailureBuilder.build(AssertionFailureBuilder.java:152)
	at org.junit.jupiter.api.AssertThrows.assertThrows(AssertThrows.java:73)
	at org.junit.jupiter.api.AssertThrows.assertThrows(AssertThrows.java:35)
	at org.junit.jupiter.api.Assertions.assertThrows(Assertions.java:3111)
	at es.ies.puerto.Ejercicio4Test.testAnioNegativo(Ejercicio4Test.java:44)
	at java.base/java.lang.reflect.Method.invoke(Method.java:568)
	at java.base/java.util.ArrayList.forEach(ArrayList.java:1511)
	at java.base/java.util.ArrayList.forEach(ArrayList.java:1511)
]]></failure>
  </testcase>
  <testcase name="testCincoAniosFuturos" classname="es.ies.puerto.Ejercicio4Test" time="0.002">
    <error message="Invalid date &apos;February 29&apos; as &apos;2025&apos; is not a leap year" type="java.time.DateTimeException"><![CDATA[java.time.DateTimeException: Invalid date 'February 29' as '2025' is not a leap year
	at java.base/java.time.LocalDate.create(LocalDate.java:459)
	at java.base/java.time.LocalDate.of(LocalDate.java:273)
	at es.ies.puerto.Ejercicio4.obtenerDiasBisiestos(Ejercicio4.java:19)
	at es.ies.puerto.Ejercicio4Test.testCincoAniosFuturos(Ejercicio4Test.java:26)
	at java.base/java.lang.reflect.Method.invoke(Method.java:568)
	at java.base/java.util.ArrayList.forEach(ArrayList.java:1511)
	at java.base/java.util.ArrayList.forEach(ArrayList.java:1511)
]]></error>
  </testcase>
  <testcase name="testAnioCero" classname="es.ies.puerto.Ejercicio4Test" time="0.012">
    <failure message="Expected java.lang.IllegalArgumentException to be thrown, but nothing was thrown." type="org.opentest4j.AssertionFailedError"><![CDATA[org.opentest4j.AssertionFailedError: Expected java.lang.IllegalArgumentException to be thrown, but nothing was thrown.
	at org.junit.jupiter.api.AssertionFailureBuilder.build(AssertionFailureBuilder.java:152)
	at org.junit.jupiter.api.AssertThrows.assertThrows(AssertThrows.java:73)
	at org.junit.jupiter.api.AssertThrows.assertThrows(AssertThrows.java:35)
	at org.junit.jupiter.api.Assertions.assertThrows(Assertions.java:3111)
	at es.ies.puerto.Ejercicio4Test.testAnioCero(Ejercicio4Test.java:52)
	at java.base/java.lang.reflect.Method.invoke(Method.java:568)
	at java.base/java.util.ArrayList.forEach(ArrayList.java:1511)
	at java.base/java.util.ArrayList.forEach(ArrayList.java:1511)
]]></failure>
  </testcase>
  <testcase name="testProximos0AniosDesdeAnioBisiesto" classname="es.ies.puerto.Ejercicio4Test" time="0.006"/>
  <testcase name="testSoloProximosAniosBisiestos" classname="es.ies.puerto.Ejercicio4Test" time="0.003">
    <error message="Invalid date &apos;February 29&apos; as &apos;2025&apos; is not a leap year" type="java.time.DateTimeException"><![CDATA[java.time.DateTimeException: Invalid date 'February 29' as '2025' is not a leap year
	at java.base/java.time.LocalDate.create(LocalDate.java:459)
	at java.base/java.time.LocalDate.of(LocalDate.java:273)
	at es.ies.puerto.Ejercicio4.obtenerDiasBisiestos(Ejercicio4.java:19)
	at es.ies.puerto.Ejercicio4Test.testSoloProximosAniosBisiestos(Ejercicio4Test.java:60)
	at java.base/java.lang.reflect.Method.invoke(Method.java:568)
	at java.base/java.util.ArrayList.forEach(ArrayList.java:1511)
	at java.base/java.util.ArrayList.forEach(ArrayList.java:1511)
]]></error>
  </testcase>
</testsuite>