<?xml version="1.0" encoding="UTF-8"?>
<testsuite xmlns:xsi="http://www.w3.org/2001/XMLSchema-instance" xsi:noNamespaceSchemaLocation="https://maven.apache.org/surefire/maven-surefire-plugin/xsd/surefire-test-report-3.0.xsd" version="3.0" name="es.ies.puerto.Ejercicio7Test" time="0.006" tests="5" errors="0" skipped="0" failures="0">
  <properties>
[...]
</properties>
  <testcase name="testObtenerDiaDeLaMadreAnioCero" classname="es.ies.puerto.Ejercicio7Test" time="0.002"/>
  <testcase name="testObtenerDiaDeLaMadreAnioAntiguo" classname="es.ies.puerto.Ejercicio7Test" time="0.001"/>
  <testcase name="testObtenerDiaDeLaMadreAnioNegativo" classname="es.ies.puerto.Ejercicio7Test" time="0.001"/>
  <testcase name="testObtenerDiaDeLaMadreAnioBisiesto" classname="es.ies.puerto.Ejercicio7Test" time="0.001"/>
  <testcase name="testObtenerDiaDeLaMadreAnioValido" classname="es.ies.puerto.Ejercicio7Test" time="0.0"/>
</testsuite>