<?xml version="1.0" encoding="UTF-8" standalone="yes"?><!DOCTYPE report PUBLIC "-//JACOCO//DTD Report 1.1//EN" "report.dtd"><report name="logica-fechas-2"><sessioninfo id="a104pc25-b21eca66" start="1737749019776" dump="1737749020812"/><package name="es/ies/puerto"><class name="es/ies/puerto/Ejercicio2" sourcefilename="Ejercicio2.java"><method name="&lt;init&gt;" desc="()V" line="8"><counter type="INSTRUCTION" missed="3" covered="0"/><counter type="LINE" missed="1" covered="0"/><counter type="COMPLEXITY" missed="1" covered="0"/><counter type="METHOD" missed="1" covered="0"/></method><method name="obtenerUltimosViernes" desc="(I)Ljava/util/List;" line="11"><counter type="INSTRUCTION" missed="0" covered="53"/><counter type="BRANCH" missed="0" covered="6"/><counter type="LINE" missed="0" covered="10"/><counter type="COMPLEXITY" missed="0" covered="4"/><counter type="METHOD" missed="0" covered="1"/></method><counter type="INSTRUCTION" missed="3" covered="53"/><counter type="BRANCH" missed="0" covered="6"/><counter type="LINE" missed="1" covered="10"/><counter type="COMPLEXITY" missed="1" covered="4"/><counter type="METHOD" missed="1" covered="1"/><counter type="CLASS" missed="0" covered="1"/></class><class name="es/ies/puerto/Ejercicio3" sourcefilename="Ejercicio3.java"><method name="&lt;init&gt;" desc="()V" line="17"><counter type="INSTRUCTION" missed="3" covered="0"/><counter type="LINE" missed="1" covered="0"/><counter type="COMPLEXITY" missed="1" covered="0"/><counter type="METHOD" missed="1" covered="0"/></method><method name="convertirZonasHorarias" desc="(Ljava/time/LocalDateTime;Ljava/time/ZoneId;Ljava/util/List;)Ljava/util/Map;" line="28"><counter type="INSTRUCTION" missed="0" covered="13"/><counter type="LINE" missed="0" covered="6"/><counter type="COMPLEXITY" missed="0" covered="1"/><counter type="METHOD" missed="0" covered="1"/></method><counter type="INSTRUCTION" missed="3" covered="13"/><counter type="LINE" missed="1" covered="6"/><counter type="COMPLEXITY" missed="1" covered="1"/><counter type="METHOD" missed="1" covered="1"/><counter type="CLASS" missed="0" covered="1"/></class><class name="es/ies/puerto/Ejercicio1" sourcefilename="Ejercicio1.java"><method name="&lt;init&gt;" desc="()V" line="7"><counter type="INSTRUCTION" missed="3" covered="0"/><counter type="LINE" missed="1" covered="0"/><counter type="COMPLEXITY" missed="1" covered="0"/><counter type="METHOD" missed="1" covered="0"/></method><method name="calcularDiferenciaFechas" desc="(Ljava/time/LocalDateTime;Ljava/time/LocalDateTime;)Ljava/time/LocalDateTime;" line="10"><counter type="INSTRUCTION" missed="2" covered="6"/><counter type="BRANCH" missed="2" covered="2"/><counter type="LINE" missed="1" covered="2"/><counter type="COMPLEXITY" missed="2" covered="1"/><counter type="METHOD" missed="0" covered="1"/></method><counter type="INSTRUCTION" missed="5" covered="6"/><counter type="BRANCH" missed="2" covered="2"/><counter type="LINE" missed="2" covered="2"/><counter type="COMPLEXITY" missed="3" covered="1"/><counter type="METHOD" missed="1" covered="1"/><counter type="CLASS" missed="0" covered="1"/></class><class name="es/ies/puerto/Ejercicio6" sourcefilename="Ejercicio6.java"><method name="&lt;init&gt;" desc="()V" line="8"><counter type="INSTRUCTION" missed="3" covered="0"/><counter type="LINE" missed="1" covered="0"/><counter type="COMPLEXITY" missed="1" covered="0"/><counter type="METHOD" missed="1" covered="0"/></method><method name="obtenerProximoEclipse" desc="(Ljava/util/List;Ljava/time/LocalDateTime;)Ljava/time/LocalDateTime;" line="11"><counter type="INSTRUCTION" missed="0" covered="2"/><counter type="LINE" missed="0" covered="1"/><counter type="COMPLEXITY" missed="0" covered="1"/><counter type="METHOD" missed="0" covered="1"/></method><counter type="INSTRUCTION" missed="3" covered="2"/><counter type="LINE" missed="1" covered="1"/><counter type="COMPLEXITY" missed="1" covered="1"/><counter type="METHOD" missed="1" covered="1"/><counter type="CLASS" missed="0" covered="1"/></class><class name="es/ies/puerto/Ejercicio4" sourcefilename="Ejercicio4.java"><method name="&lt;init&gt;" desc="()V" line="9"><counter type="INSTRUCTION" missed="3" covered="0"/><counter type="LINE" missed="1" covered="0"/><counter type="COMPLEXITY" missed="1" covered="0"/><counter type="METHOD" missed="1" covered="0"/></method><method name="obtenerDiasBisiestos" desc="(I)Ljava/util/List;" line="12"><counter type="INSTRUCTION" missed="8" covered="32"/><counter type="BRANCH" missed="0" covered="6"/><counter type="LINE" missed="1" covered="7"/><counter type="COMPLEXITY" missed="0" covered="4"/><counter type="METHOD" missed="0" covered="1"/></method><counter type="INSTRUCTION" missed="11" covered="32"/><counter type="BRANCH" missed="0" covered="6"/><counter type="LINE" missed="2" covered="7"/><counter type="COMPLEXITY" missed="1" covered="4"/><counter type="METHOD" missed="1" covered="1"/><counter type="CLASS" missed="0" covered="1"/></class><class name="es/ies/puerto/Ejercicio5" sourcefilename="Ejercicio5.java"><method name="&lt;init&gt;" desc="()V" line="9"><counter type="INSTRUCTION" missed="3" covered="0"/><counter type="LINE" missed="1" covered="0"/><counter type="COMPLEXITY" missed="1" covered="0"/><counter type="METHOD" missed="1" covered="0"/></method><method name="calcularEdadEnMilisegundos" desc="(Ljava/time/LocalDateTime;)J" line="12"><counter type="INSTRUCTION" missed="0" covered="2"/><counter type="LINE" missed="0" covered="1"/><counter type="COMPLEXITY" missed="0" covered="1"/><counter type="METHOD" missed="0" covered="1"/></method><counter type="INSTRUCTION" missed="3" covered="2"/><counter type="LINE" missed="1" covered="1"/><counter type="COMPLEXITY" missed="1" covered="1"/><counter type="METHOD" missed="1" covered="1"/><counter type="CLASS" missed="0" covered="1"/></class><sourcefile name="Ejercicio3.java"><line nr="17" mi="3" ci="0" mb="0" cb="0"/><line nr="28" mi="0" ci="3" mb="0" cb="0"/><line nr="29" mi="0" ci="3" mb="0" cb="0"/><line nr="30" mi="0" ci="2" mb="0" cb="0"/><line nr="31" mi="0" ci="2" mb="0" cb="0"/><line nr="32" mi="0" ci="1" mb="0" cb="0"/><line nr="34" mi="0" ci="2" mb="0" cb="0"/><counter type="INSTRUCTION" missed="3" covered="13"/><counter type="LINE" missed="1" covered="6"/><counter type="COMPLEXITY" missed="1" covered="1"/><counter type="METHOD" missed="1" covered="1"/><counter type="CLASS" missed="0" covered="1"/></sourcefile><sourcefile name="Ejercicio5.java"><line nr="9" mi="3" ci="0" mb="0" cb="0"/><line nr="12" mi="0" ci="2" mb="0" cb="0"/><counter type="INSTRUCTION" missed="3" covered="2"/><counter type="LINE" missed="1" covered="1"/><counter type="COMPLEXITY" missed="1" covered="1"/><counter type="METHOD" missed="1" covered="1"/><counter type="CLASS" missed="0" covered="1"/></sourcefile><sourcefile name="Ejercicio2.java"><line nr="8" mi="3" ci="0" mb="0" cb="0"/><line nr="11" mi="0" ci="4" mb="0" cb="0"/><line nr="12" mi="0" ci="2" mb="0" cb="2"/><line nr="13" mi="0" ci="2" mb="0" cb="0"/><line nr="16" mi="0" ci="16" mb="0" cb="2"/><line nr="18" mi="0" ci="11" mb="0" cb="0"/><line nr="21" mi="0" ci="2" mb="0" cb="0"/><line nr="24" mi="0" ci="5" mb="0" cb="2"/><line nr="25" mi="0" ci="5" mb="0" cb="0"/><line nr="29" mi="0" ci="4" mb="0" cb="0"/><line nr="31" mi="0" ci="2" mb="0" cb="0"/><counter type="INSTRUCTION" missed="3" covered="53"/><counter type="BRANCH" missed="0" covered="6"/><counter type="LINE" missed="1" covered="10"/><counter type="COMPLEXITY" missed="1" covered="4"/><counter type="METHOD" missed="1" covered="1"/><counter type="CLASS" missed="0" covered="1"/></sourcefile><sourcefile name="Ejercicio6.java"><line nr="8" mi="3" ci="0" mb="0" cb="0"/><line nr="11" mi="0" ci="2" mb="0" cb="0"/><counter type="INSTRUCTION" missed="3" covered="2"/><counter type="LINE" missed="1" covered="1"/><counter type="COMPLEXITY" missed="1" covered="1"/><counter type="METHOD" missed="1" covered="1"/><counter type="CLASS" missed="0" covered="1"/></sourcefile><sourcefile name="Ejercicio4.java"><line nr="9" mi="3" ci="0" mb="0" cb="0"/><line nr="12" mi="0" ci="3" mb="0" cb="2"/><line nr="13" mi="0" ci="2" mb="0" cb="0"/><line nr="15" mi="0" ci="4" mb="0" cb="0"/><line nr="16" mi="0" ci="6" mb="0" cb="0"/><line nr="17" mi="0" ci="9" mb="0" cb="2"/><line nr="18" mi="0" ci="6" mb="0" cb="2"/><line nr="19" mi="8" ci="0" mb="0" cb="0"/><line nr="22" mi="0" ci="2" mb="0" cb="0"/><counter type="INSTRUCTION" missed="11" covered="32"/><counter type="BRANCH" missed="0" covered="6"/><counter type="LINE" missed="2" covered="7"/><counter type="COMPLEXITY" missed="1" covered="4"/><counter type="METHOD" missed="1" covered="1"/><counter type="CLASS" missed="0" covered="1"/></sourcefile><sourcefile name="Ejercicio1.java"><line nr="7" mi="3" ci="0" mb="0" cb="0"/><line nr="10" mi="0" ci="4" mb="2" cb="2"/><line nr="11" mi="2" ci="0" mb="0" cb="0"/><line nr="13" mi="0" ci="2" mb="0" cb="0"/><counter type="INSTRUCTION" missed="5" covered="6"/><counter type="BRANCH" missed="2" covered="2"/><counter type="LINE" missed="2" covered="2"/><counter type="COMPLEXITY" missed="3" covered="1"/><counter type="METHOD" missed="1" covered="1"/><counter type="CLASS" missed="0" covered="1"/></sourcefile><counter type="INSTRUCTION" missed="28" covered="108"/><counter type="BRANCH" missed="2" covered="14"/><counter type="LINE" missed="8" covered="27"/><counter type="COMPLEXITY" missed="8" covered="12"/><counter type="METHOD" missed="6" covered="6"/><counter type="CLASS" missed="0" covered="6"/></package><counter type="INSTRUCTION" missed="28" covered="108"/><counter type="BRANCH" missed="2" covered="14"/><counter type="LINE" missed="8" covered="27"/><counter type="COMPLEXITY" missed="8" covered="12"/><counter type="METHOD" missed="6" covered="6"/><counter type="CLASS" missed="0" covered="6"/></report>