-------------------------------------------------------------------------------
Test set: Ejercicio3Test
-------------------------------------------------------------------------------
Tests run: 6, Failures: 1, Errors: 0, Skipped: 0, Time elapsed: 0.004 s <<< FAILURE! - in Ejercicio3Test
testToString  Time elapsed: 0.001 s  <<< FAILURE!
org.opentest4j.AssertionFailedError: expected: <Friki{identificador=1, nombre='Juan', nivelFrikismo=10, especialidad='Videojuegos'}> but was: <Friki [identificador=1, nombre=Juan, nivelFrikismo=10, especialidad=Videojuegos]>
	at Ejercicio3Test.testToString(Ejercicio3Test.java:12)

