<?xml version="1.0" encoding="UTF-8"?>
<testsuite xmlns:xsi="http://www.w3.org/2001/XMLSchema-instance" xsi:noNamespaceSchemaLocation="https://maven.apache.org/surefire/maven-surefire-plugin/xsd/surefire-test-report.xsd" name="Ejercicio3Test" time="0.004" tests="6" errors="0" skipped="0" failures="1">
  <properties>
[...]
</properties>
  <testcase name="testEqualsSameIdDifferentProperties" classname="Ejercicio3Test" time="0"/>
  <testcase name="testToString" classname="Ejercicio3Test" time="0.001">
    <failure message="expected: &lt;Friki{identificador=1, nombre=&apos;Juan&apos;, nivelFrikismo=10, especialidad=&apos;Videojuegos&apos;}&gt; but was: &lt;Friki [identificador=1, nombre=Juan, nivelFrikismo=10, especialidad=Videojuegos]&gt;" type="org.opentest4j.AssertionFailedError"><![CDATA[org.opentest4j.AssertionFailedError: expected: <Friki{identificador=1, nombre='Juan', nivelFrikismo=10, especialidad='Videojuegos'}> but was: <Friki [identificador=1, nombre=Juan, nivelFrikismo=10, especialidad=Videojuegos]>
	at Ejercicio3Test.testToString(Ejercicio3Test.java:12)
]]></failure>
  </testcase>
  <testcase name="testEqualsDifferentClass" classname="Ejercicio3Test" time="0"/>
  <testcase name="testEqualsNull" classname="Ejercicio3Test" time="0"/>
  <testcase name="testEqualsSameObject" classname="Ejercicio3Test" time="0"/>
  <testcase name="testEqualsDifferentId" classname="Ejercicio3Test" time="0"/>
</testsuite>